MSPAS ADELANTO Brandon Madriz_2017-10-05_16-32-22
MSPAS EL TEJAR Brandon MAdriz_2017-10-06_10-26-20
MSPAS2 CAMOTAN Brandon Madriz_2017-10-06_10-55-27
MSPAS2 CAMOTAN Brandon Madriz_2017-10-06_11-01-23
CONALFA CHICHICASTENANGO ac_2017-10-06_14-13-39
CONALFA CHICHICASTENANGO ac_2017-10-06_15-14-00
CONALFA CHICHICASTENANGO ac_2017-10-06_15-21-46
CONALFA CHICHICASTENANGO ac_2017-10-06_16-00-11
CONALFA CHICHICASTENANGO ac_2017-10-06_16-02-46
MSPAS CHAMPERICO user_2017-10-13_11-07-57
CONALFA CHICHICASTENANGO ac_2017-10-17_08-42-59
CONALFA CHICHICASTENANGO ac_2017-10-17_08-46-41
CONALFA CHICHICASTENANGO ac_2017-10-17_09-00-29
CONALFA CHICHICASTENANGO ac_2017-10-17_10-16-52
CONALFA CHICHICASTENANGO ac_2017-10-17_10-19-08
CONALFA CHICHE ac_2017-10-17_10-27-35
CONALFA AGUA BLANCA ac_2017-10-17_10-35-15
CONALFA AGUA BLANCA ac_2017-10-17_11-11-56
CONALFA ALMOLONGA conalfa_2017-10-20_14-59-45
MAGA ALMOLONGA maga_2017-10-20_15-06-06
MIDES ALMOLONGA mides_2017-10-20_15-15-26
MSPAS ALMOLONGA mspas_2017-10-20_15-18-50
MIDES CHIANTLA cccc_2017-10-26_14-58-32
MAGA ALOTENANGO maga_2018-01-10_14-52-55
MAGA ALOTENANGO maga_2018-01-11_09-23-54
CONALFA ALOTENANGO conalfa_2018-01-15_09-51-59
MIDES ALOTENANGO mides_2018-01-15_09-55-59
MSPAS ALOTENANGO mspas_2018-01-15_10-16-00
